2025-08-18 01:55:35,965::[INFO]::[views.py]::[delete_blob::174]::DELETE BLOB
2025-08-18 01:55:35,966::[INFO]::[views.py]::[delete_blob::176]::BLOB NAME : blob.txt.zip
2025-08-18 01:55:35,966::[INFO]::[api.py]::[get_api_instance::68]::INITIALIZING WITH CONTAINER dev-container
2025-08-18 01:55:35,974::[INFO]::[Auth.py]::[auth_api::27]::AZURE AUTHENTICATION SUCCESSFUL
2025-08-18 01:55:35,974::[INFO]::[Container.py]::[__init__::139]::Container Object Created : dev-container
2025-08-18 01:55:35,976::[INFO]::[Blob.py]::[__init__::194]::BLOB OBJECT CREATED : dev-container
2025-08-18 01:55:35,996::[INFO]::[Blob.py]::[__delete_from_db::250]::BLOB DELETED : blob.txt.zip
2025-08-18 01:55:35,996::[INFO]::[views.py]::[home::193]::HOME
2025-08-18 01:55:35,999::[INFO]::[Blob.py]::[__init__::194]::BLOB OBJECT CREATED : dev-container
2025-08-18 01:55:38,676::[INFO]::[views.py]::[add_blob::136]::ADD BLOB
2025-08-18 01:55:38,677::[INFO]::[views.py]::[add_blob::147]::BLOB NAME : blob2.txt.zip
2025-08-18 01:55:38,677::[INFO]::[views.py]::[add_blob::152]::BLOB NAME : blob2.txt.zip
2025-08-18 01:55:38,677::[INFO]::[Blob.py]::[blob_create::279]::CREATING BLOB : blob2.txt.zip
2025-08-18 01:55:38,684::[INFO]::[views.py]::[home::193]::HOME
2025-08-18 01:55:38,687::[INFO]::[Blob.py]::[__init__::194]::BLOB OBJECT CREATED : dev-container
2025-08-18 01:55:41,025::[INFO]::[views.py]::[add_blob::136]::ADD BLOB
2025-08-18 01:55:41,026::[INFO]::[views.py]::[add_blob::147]::BLOB NAME : CloudSynkBoardConfig.js.txt.zip
2025-08-18 01:55:41,026::[INFO]::[views.py]::[add_blob::152]::BLOB NAME : CloudSynkBoardConfig.js.txt.zip
2025-08-18 01:55:41,026::[INFO]::[Blob.py]::[blob_create::279]::CREATING BLOB : CloudSynkBoardConfig.js.txt.zip
2025-08-18 01:55:41,034::[INFO]::[views.py]::[home::193]::HOME
2025-08-18 01:55:41,038::[INFO]::[Blob.py]::[__init__::194]::BLOB OBJECT CREATED : dev-container
2025-08-18 01:55:44,914::[INFO]::[views.py]::[add_blob::136]::ADD BLOB
2025-08-18 01:55:44,915::[INFO]::[views.py]::[add_blob::147]::BLOB NAME : blob.txt.zip
2025-08-18 01:55:44,915::[INFO]::[views.py]::[add_blob::152]::BLOB NAME : blob.txt.zip
2025-08-18 01:55:44,915::[INFO]::[Blob.py]::[blob_create::279]::CREATING BLOB : blob.txt.zip
2025-08-18 01:55:44,932::[INFO]::[views.py]::[home::193]::HOME
2025-08-18 01:55:44,936::[INFO]::[Blob.py]::[__init__::194]::BLOB OBJECT CREATED : dev-container
2025-08-18 01:55:46,664::[INFO]::[views.py]::[delete_blob::174]::DELETE BLOB
2025-08-18 01:55:46,665::[INFO]::[views.py]::[delete_blob::176]::BLOB NAME : CloudSynkBoardConfig.js.txt.zip
2025-08-18 01:55:46,683::[INFO]::[Blob.py]::[__delete_from_db::250]::BLOB DELETED : CloudSynkBoardConfig.js.txt.zip
2025-08-18 01:55:46,684::[INFO]::[views.py]::[home::193]::HOME
2025-08-18 01:55:46,687::[INFO]::[Blob.py]::[__init__::194]::BLOB OBJECT CREATED : dev-container
2025-08-18 01:55:48,271::[INFO]::[views.py]::[delete_blob::174]::DELETE BLOB
2025-08-18 01:55:48,271::[INFO]::[views.py]::[delete_blob::176]::BLOB NAME : blob2.txt.zip
2025-08-18 01:55:48,291::[INFO]::[Blob.py]::[__delete_from_db::250]::BLOB DELETED : blob2.txt.zip
2025-08-18 01:55:48,291::[INFO]::[views.py]::[home::193]::HOME
2025-08-18 01:55:48,294::[INFO]::[Blob.py]::[__init__::194]::BLOB OBJECT CREATED : dev-container
2025-08-18 01:55:49,388::[INFO]::[views.py]::[delete_blob::174]::DELETE BLOB
2025-08-18 01:55:49,388::[INFO]::[views.py]::[delete_blob::176]::BLOB NAME : blob.txt.zip
2025-08-18 01:55:49,408::[INFO]::[Blob.py]::[__delete_from_db::250]::BLOB DELETED : blob.txt.zip
2025-08-18 01:55:49,409::[INFO]::[views.py]::[home::193]::HOME
2025-08-18 01:55:49,412::[INFO]::[Blob.py]::[__init__::194]::BLOB OBJECT CREATED : dev-container
2025-08-18 01:55:51,145::[INFO]::[views.py]::[add_blob::136]::ADD BLOB
2025-08-18 01:55:51,146::[INFO]::[views.py]::[add_blob::147]::BLOB NAME : blob.txt.zip
2025-08-18 01:55:51,146::[INFO]::[views.py]::[add_blob::152]::BLOB NAME : blob.txt.zip
2025-08-18 01:55:51,146::[INFO]::[Blob.py]::[blob_create::279]::CREATING BLOB : blob.txt.zip
2025-08-18 01:55:51,162::[INFO]::[views.py]::[home::193]::HOME
2025-08-18 01:55:51,165::[INFO]::[Blob.py]::[__init__::194]::BLOB OBJECT CREATED : dev-container
2025-08-18 01:55:52,958::[INFO]::[views.py]::[user_logout::125]::LOGOUT USER dev
2025-08-18 01:55:52,974::[INFO]::[api.py]::[del_api_instance::83]::API INSTANCE DELETED
2025-08-18 01:55:52,977::[INFO]::[views.py]::[user_login::86]::LOGIN
2025-08-18 01:55:56,705::[INFO]::[views.py]::[login_auth::91]::LOGIN AUTH
2025-08-18 01:55:56,706::[INFO]::[views.py]::[login_auth::101]::USER:dev2 
2025-08-18 01:55:56,998::[INFO]::[views.py]::[home::193]::HOME
2025-08-18 01:55:56,999::[INFO]::[api.py]::[get_api_instance::68]::INITIALIZING WITH CONTAINER dev2-container
2025-08-18 01:55:57,000::[INFO]::[Auth.py]::[auth_api::27]::AZURE AUTHENTICATION SUCCESSFUL
2025-08-18 01:55:57,001::[INFO]::[Container.py]::[__init__::139]::Container Object Created : dev2-container
2025-08-18 01:55:57,003::[INFO]::[Blob.py]::[__init__::194]::BLOB OBJECT CREATED : dev2-container
2025-08-18 01:55:57,005::[INFO]::[Blob.py]::[__init__::194]::BLOB OBJECT CREATED : dev2-container
2025-08-18 01:55:58,998::[INFO]::[views.py]::[add_blob::136]::ADD BLOB
2025-08-18 01:55:58,999::[INFO]::[views.py]::[add_blob::147]::BLOB NAME : blob2.txt.zip
2025-08-18 01:55:58,999::[INFO]::[views.py]::[add_blob::152]::BLOB NAME : blob2.txt.zip
2025-08-18 01:55:58,999::[INFO]::[Blob.py]::[blob_create::279]::CREATING BLOB : blob2.txt.zip
2025-08-18 01:55:59,015::[INFO]::[views.py]::[home::193]::HOME
2025-08-18 01:55:59,019::[INFO]::[Blob.py]::[__init__::194]::BLOB OBJECT CREATED : dev2-container
2025-08-18 01:56:00,883::[INFO]::[views.py]::[user_logout::125]::LOGOUT USER dev2
2025-08-18 01:56:00,899::[INFO]::[api.py]::[del_api_instance::83]::API INSTANCE DELETED
2025-08-18 01:56:00,904::[INFO]::[views.py]::[user_login::86]::LOGIN
2025-08-18 01:56:03,867::[INFO]::[views.py]::[login_auth::91]::LOGIN AUTH
2025-08-18 01:56:03,868::[INFO]::[views.py]::[login_auth::101]::USER:dev3 
2025-08-18 01:56:04,155::[INFO]::[views.py]::[home::193]::HOME
2025-08-18 01:56:04,156::[INFO]::[api.py]::[get_api_instance::68]::INITIALIZING WITH CONTAINER dev3-container
2025-08-18 01:56:04,157::[INFO]::[Auth.py]::[auth_api::27]::AZURE AUTHENTICATION SUCCESSFUL
2025-08-18 01:56:04,157::[INFO]::[Container.py]::[__init__::139]::Container Object Created : dev3-container
2025-08-18 01:56:04,159::[INFO]::[Blob.py]::[__init__::194]::BLOB OBJECT CREATED : dev3-container
2025-08-18 01:56:04,162::[INFO]::[Blob.py]::[__init__::194]::BLOB OBJECT CREATED : dev3-container
2025-08-18 01:56:06,916::[INFO]::[views.py]::[add_blob::136]::ADD BLOB
2025-08-18 01:56:06,917::[INFO]::[views.py]::[add_blob::147]::BLOB NAME : blob.txt.zip
2025-08-18 01:56:06,918::[INFO]::[views.py]::[add_blob::152]::BLOB NAME : blob.txt.zip
2025-08-18 01:56:06,918::[INFO]::[Blob.py]::[blob_create::279]::CREATING BLOB : blob.txt.zip
2025-08-18 01:56:06,925::[INFO]::[views.py]::[home::193]::HOME
2025-08-18 01:56:06,928::[INFO]::[Blob.py]::[__init__::194]::BLOB OBJECT CREATED : dev3-container
2025-08-18 01:56:11,573::[INFO]::[views.py]::[add_blob::136]::ADD BLOB
2025-08-18 01:56:11,574::[INFO]::[views.py]::[add_blob::147]::BLOB NAME : blob2.txt.zip
2025-08-18 01:56:11,574::[INFO]::[views.py]::[add_blob::152]::BLOB NAME : blob2.txt.zip
2025-08-18 01:56:11,574::[INFO]::[Blob.py]::[blob_create::279]::CREATING BLOB : blob2.txt.zip
2025-08-18 01:56:11,584::[INFO]::[views.py]::[home::193]::HOME
2025-08-18 01:56:11,587::[INFO]::[Blob.py]::[__init__::194]::BLOB OBJECT CREATED : dev3-container
2025-08-18 01:56:13,663::[INFO]::[views.py]::[user_logout::125]::LOGOUT USER dev3
2025-08-18 01:56:13,670::[INFO]::[api.py]::[del_api_instance::83]::API INSTANCE DELETED
2025-08-18 01:56:13,673::[INFO]::[views.py]::[user_login::86]::LOGIN
2025-08-18 01:56:16,372::[INFO]::[views.py]::[login_auth::91]::LOGIN AUTH
2025-08-18 01:56:16,372::[INFO]::[views.py]::[login_auth::101]::USER:dev 
2025-08-18 01:56:16,673::[INFO]::[views.py]::[home::193]::HOME
2025-08-18 01:56:16,674::[INFO]::[api.py]::[get_api_instance::68]::INITIALIZING WITH CONTAINER dev-container
2025-08-18 01:56:16,675::[INFO]::[Auth.py]::[auth_api::27]::AZURE AUTHENTICATION SUCCESSFUL
2025-08-18 01:56:16,675::[INFO]::[Container.py]::[__init__::139]::Container Object Created : dev-container
2025-08-18 01:56:16,677::[INFO]::[Blob.py]::[__init__::194]::BLOB OBJECT CREATED : dev-container
2025-08-18 01:56:16,679::[INFO]::[Blob.py]::[__init__::194]::BLOB OBJECT CREATED : dev-container
2025-08-18 01:56:19,119::[INFO]::[views.py]::[user_logout::125]::LOGOUT USER dev
2025-08-18 01:56:19,139::[INFO]::[api.py]::[del_api_instance::83]::API INSTANCE DELETED
2025-08-18 01:56:19,144::[INFO]::[views.py]::[user_login::86]::LOGIN
2025-08-18 01:56:21,924::[INFO]::[views.py]::[login_auth::91]::LOGIN AUTH
2025-08-18 01:56:21,924::[INFO]::[views.py]::[login_auth::101]::USER:dev2 
2025-08-18 01:56:22,232::[INFO]::[views.py]::[home::193]::HOME
2025-08-18 01:56:22,233::[INFO]::[api.py]::[get_api_instance::68]::INITIALIZING WITH CONTAINER dev2-container
2025-08-18 01:56:22,233::[INFO]::[Auth.py]::[auth_api::27]::AZURE AUTHENTICATION SUCCESSFUL
2025-08-18 01:56:22,234::[INFO]::[Container.py]::[__init__::139]::Container Object Created : dev2-container
2025-08-18 01:56:22,236::[INFO]::[Blob.py]::[__init__::194]::BLOB OBJECT CREATED : dev2-container
2025-08-18 01:56:22,238::[INFO]::[Blob.py]::[__init__::194]::BLOB OBJECT CREATED : dev2-container
2025-08-18 01:56:24,396::[INFO]::[views.py]::[user_logout::125]::LOGOUT USER dev2
2025-08-18 01:56:24,411::[INFO]::[api.py]::[del_api_instance::83]::API INSTANCE DELETED
2025-08-18 01:56:24,415::[INFO]::[views.py]::[user_login::86]::LOGIN
2025-08-18 01:56:27,553::[INFO]::[views.py]::[login_auth::91]::LOGIN AUTH
2025-08-18 01:56:27,554::[INFO]::[views.py]::[login_auth::101]::USER:dev3 
2025-08-18 01:56:27,856::[INFO]::[views.py]::[home::193]::HOME
2025-08-18 01:56:27,857::[INFO]::[api.py]::[get_api_instance::68]::INITIALIZING WITH CONTAINER dev3-container
2025-08-18 01:56:27,857::[INFO]::[Auth.py]::[auth_api::27]::AZURE AUTHENTICATION SUCCESSFUL
2025-08-18 01:56:27,858::[INFO]::[Container.py]::[__init__::139]::Container Object Created : dev3-container
2025-08-18 01:56:27,860::[INFO]::[Blob.py]::[__init__::194]::BLOB OBJECT CREATED : dev3-container
2025-08-18 01:56:27,862::[INFO]::[Blob.py]::[__init__::194]::BLOB OBJECT CREATED : dev3-container
2025-08-18 01:56:29,142::[INFO]::[views.py]::[delete_blob::174]::DELETE BLOB
2025-08-18 01:56:29,142::[INFO]::[views.py]::[delete_blob::176]::BLOB NAME : blob2.txt.zip
2025-08-18 01:56:29,159::[INFO]::[Blob.py]::[__delete_from_db::250]::BLOB DELETED : blob2.txt.zip
2025-08-18 01:56:29,159::[INFO]::[views.py]::[home::193]::HOME
2025-08-18 01:56:29,162::[INFO]::[Blob.py]::[__init__::194]::BLOB OBJECT CREATED : dev3-container
2025-08-18 01:56:31,416::[INFO]::[views.py]::[user_logout::125]::LOGOUT USER dev3
2025-08-18 01:56:31,433::[INFO]::[api.py]::[del_api_instance::83]::API INSTANCE DELETED
2025-08-18 01:56:31,437::[INFO]::[views.py]::[user_login::86]::LOGIN
2025-08-18 01:56:34,583::[INFO]::[views.py]::[login_auth::91]::LOGIN AUTH
2025-08-18 01:56:34,584::[INFO]::[views.py]::[login_auth::101]::USER:dev2 
2025-08-18 01:56:34,885::[INFO]::[views.py]::[home::193]::HOME
2025-08-18 01:56:34,886::[INFO]::[api.py]::[get_api_instance::68]::INITIALIZING WITH CONTAINER dev2-container
2025-08-18 01:56:34,886::[INFO]::[Auth.py]::[auth_api::27]::AZURE AUTHENTICATION SUCCESSFUL
2025-08-18 01:56:34,886::[INFO]::[Container.py]::[__init__::139]::Container Object Created : dev2-container
2025-08-18 01:56:34,888::[INFO]::[Blob.py]::[__init__::194]::BLOB OBJECT CREATED : dev2-container
2025-08-18 01:56:34,891::[INFO]::[Blob.py]::[__init__::194]::BLOB OBJECT CREATED : dev2-container
2025-08-18 01:56:37,130::[INFO]::[views.py]::[user_logout::125]::LOGOUT USER dev2
2025-08-18 01:56:37,146::[INFO]::[api.py]::[del_api_instance::83]::API INSTANCE DELETED
2025-08-18 01:56:37,150::[INFO]::[views.py]::[user_login::86]::LOGIN
2025-08-18 01:56:38,948::[INFO]::[views.py]::[login_auth::91]::LOGIN AUTH
2025-08-18 01:56:38,949::[INFO]::[views.py]::[login_auth::101]::USER:dev 
2025-08-18 01:56:39,256::[INFO]::[views.py]::[home::193]::HOME
2025-08-18 01:56:39,257::[INFO]::[api.py]::[get_api_instance::68]::INITIALIZING WITH CONTAINER dev-container
2025-08-18 01:56:39,258::[INFO]::[Auth.py]::[auth_api::27]::AZURE AUTHENTICATION SUCCESSFUL
2025-08-18 01:56:39,259::[INFO]::[Container.py]::[__init__::139]::Container Object Created : dev-container
2025-08-18 01:56:39,261::[INFO]::[Blob.py]::[__init__::194]::BLOB OBJECT CREATED : dev-container
2025-08-18 01:56:39,263::[INFO]::[Blob.py]::[__init__::194]::BLOB OBJECT CREATED : dev-container
2025-08-18 01:56:40,080::[INFO]::[views.py]::[delete_blob::174]::DELETE BLOB
2025-08-18 01:56:40,080::[INFO]::[views.py]::[delete_blob::176]::BLOB NAME : blob.txt.zip
2025-08-18 01:56:40,100::[INFO]::[Blob.py]::[__delete_from_db::250]::BLOB DELETED : blob.txt.zip
2025-08-18 01:56:40,100::[INFO]::[views.py]::[home::193]::HOME
2025-08-18 01:56:40,103::[INFO]::[Blob.py]::[__init__::194]::BLOB OBJECT CREATED : dev-container
2025-08-18 01:56:42,176::[INFO]::[views.py]::[user_logout::125]::LOGOUT USER dev
2025-08-18 01:56:42,192::[INFO]::[api.py]::[del_api_instance::83]::API INSTANCE DELETED
2025-08-18 01:56:42,196::[INFO]::[views.py]::[user_login::86]::LOGIN
2025-08-18 01:56:44,985::[INFO]::[views.py]::[login_auth::91]::LOGIN AUTH
2025-08-18 01:56:44,985::[INFO]::[views.py]::[login_auth::101]::USER:dev3 
2025-08-18 01:56:45,289::[INFO]::[views.py]::[home::193]::HOME
2025-08-18 01:56:45,290::[INFO]::[api.py]::[get_api_instance::68]::INITIALIZING WITH CONTAINER dev3-container
2025-08-18 01:56:45,290::[INFO]::[Auth.py]::[auth_api::27]::AZURE AUTHENTICATION SUCCESSFUL
2025-08-18 01:56:45,290::[INFO]::[Container.py]::[__init__::139]::Container Object Created : dev3-container
2025-08-18 01:56:45,292::[INFO]::[Blob.py]::[__init__::194]::BLOB OBJECT CREATED : dev3-container
2025-08-18 01:56:45,294::[INFO]::[Blob.py]::[__init__::194]::BLOB OBJECT CREATED : dev3-container
2025-08-18 01:56:47,829::[INFO]::[views.py]::[delete_blob::174]::DELETE BLOB
2025-08-18 01:56:47,829::[INFO]::[views.py]::[delete_blob::176]::BLOB NAME : blob.txt.zip
2025-08-18 01:56:47,848::[INFO]::[Blob.py]::[__delete_from_db::250]::BLOB DELETED : blob.txt.zip
2025-08-18 01:56:47,848::[INFO]::[views.py]::[home::193]::HOME
2025-08-18 01:56:47,852::[INFO]::[Blob.py]::[__init__::194]::BLOB OBJECT CREATED : dev3-container
2025-08-18 01:56:49,747::[INFO]::[views.py]::[user_logout::125]::LOGOUT USER dev3
2025-08-18 01:56:49,763::[INFO]::[api.py]::[del_api_instance::83]::API INSTANCE DELETED
2025-08-18 01:56:49,767::[INFO]::[views.py]::[user_login::86]::LOGIN
